[2019-09-24 09:35:55 @11984.0]	WARNING	swMsgQueue_create(:55): msgget() failed, Error: No space left on device[28]
[2019-09-24 09:35:55 @11984.0]	WARNING	swServer_create_task_worker: [Master] create task_workers failed
[2019-09-24 09:35:55 @11984.0]	WARNING	swFactoryProcess_start: swFactoryProcess_manager_start failed
[2019-09-24 09:35:55 @11984.0]	ERROR	php_swoole_server_rshutdown (ERRNO 503): Fatal error: Uncaught Swoole\ExitException: swoole exit in /Users/fawzibedidi/Documents/Work/NConcepts/Projects/Ikar/web/www2/vendor/yiisoft/yii2/base/ErrorHandler.php:269
Stack trace:
#0 [internal function]: yii\base\ErrorHandler->handleFatalError()
#1 {main}
  thrown in /Users/fawzibedidi/Documents/Work/NConcepts/Projects/Ikar/web/www2/vendor/yiisoft/yii2/base/ErrorHandler.php on line 269
[2019-09-24 09:36:24 @12016.0]	WARNING	swMsgQueue_create(:55): msgget() failed, Error: No space left on device[28]
[2019-09-24 09:36:24 @12016.0]	WARNING	swServer_create_task_worker: [Master] create task_workers failed
[2019-09-24 09:36:24 @12016.0]	WARNING	swFactoryProcess_start: swFactoryProcess_manager_start failed
[2019-09-24 09:36:24 @12016.0]	ERROR	php_swoole_server_rshutdown (ERRNO 503): Fatal error: Uncaught Swoole\ExitException: swoole exit in /Users/fawzibedidi/Documents/Work/NConcepts/Projects/Ikar/web/www2/vendor/yiisoft/yii2/base/ErrorHandler.php:269
Stack trace:
#0 [internal function]: yii\base\ErrorHandler->handleFatalError()
#1 {main}
  thrown in /Users/fawzibedidi/Documents/Work/NConcepts/Projects/Ikar/web/www2/vendor/yiisoft/yii2/base/ErrorHandler.php on line 269
[2019-09-24 09:37:04 @12055.0]	WARNING	swMsgQueue_create(:55): msgget() failed, Error: No space left on device[28]
[2019-09-24 09:37:04 @12055.0]	WARNING	swServer_create_task_worker: [Master] create task_workers failed
[2019-09-24 09:37:04 @12055.0]	WARNING	swFactoryProcess_start: swFactoryProcess_manager_start failed
[2019-09-24 09:37:04 @12055.0]	ERROR	php_swoole_server_rshutdown (ERRNO 503): Fatal error: Uncaught Swoole\ExitException: swoole exit in /Users/fawzibedidi/Documents/Work/NConcepts/Projects/Ikar/web/www2/vendor/yiisoft/yii2/base/ErrorHandler.php:269
Stack trace:
#0 [internal function]: yii\base\ErrorHandler->handleFatalError()
#1 {main}
  thrown in /Users/fawzibedidi/Documents/Work/NConcepts/Projects/Ikar/web/www2/vendor/yiisoft/yii2/base/ErrorHandler.php on line 269
[2019-09-24 09:55:09 @12437.0]	WARNING	swMsgQueue_create(:55): msgget() failed, Error: No space left on device[28]
[2019-09-24 09:55:09 @12437.0]	WARNING	swServer_create_task_worker: [Master] create task_workers failed
[2019-09-24 09:55:09 @12437.0]	WARNING	swFactoryProcess_start: swFactoryProcess_manager_start failed
[2019-09-24 09:55:09 @12437.0]	ERROR	php_swoole_server_rshutdown (ERRNO 503): Fatal error: Uncaught Swoole\ExitException: swoole exit in /Users/fawzibedidi/Documents/Work/NConcepts/Projects/Ikar/web/www2/vendor/yiisoft/yii2/base/ErrorHandler.php:269
Stack trace:
#0 [internal function]: yii\base\ErrorHandler->handleFatalError()
#1 {main}
  thrown in /Users/fawzibedidi/Documents/Work/NConcepts/Projects/Ikar/web/www2/vendor/yiisoft/yii2/base/ErrorHandler.php on line 269
[2019-09-24 09:55:11 @12447.0]	WARNING	swMsgQueue_create(:55): msgget() failed, Error: No space left on device[28]
[2019-09-24 09:55:11 @12447.0]	WARNING	swServer_create_task_worker: [Master] create task_workers failed
[2019-09-24 09:55:11 @12447.0]	WARNING	swFactoryProcess_start: swFactoryProcess_manager_start failed
[2019-09-24 09:55:11 @12447.0]	ERROR	php_swoole_server_rshutdown (ERRNO 503): Fatal error: Uncaught Swoole\ExitException: swoole exit in /Users/fawzibedidi/Documents/Work/NConcepts/Projects/Ikar/web/www2/vendor/yiisoft/yii2/base/ErrorHandler.php:269
Stack trace:
#0 [internal function]: yii\base\ErrorHandler->handleFatalError()
#1 {main}
  thrown in /Users/fawzibedidi/Documents/Work/NConcepts/Projects/Ikar/web/www2/vendor/yiisoft/yii2/base/ErrorHandler.php on line 269
[2019-09-24 10:08:01 @20064.0]	WARNING	swMsgQueue_create(:55): msgget() failed, Error: No space left on device[28]
[2019-09-24 10:08:01 @20064.0]	WARNING	swServer_create_task_worker: [Master] create task_workers failed
[2019-09-24 10:08:01 @20064.0]	WARNING	swFactoryProcess_start: swFactoryProcess_manager_start failed
[2019-09-24 10:08:01 @20064.0]	ERROR	php_swoole_server_rshutdown (ERRNO 503): Fatal error: Uncaught Swoole\ExitException: swoole exit in /Users/fawzibedidi/Documents/Work/NConcepts/Projects/Ikar/web/www2/vendor/yiisoft/yii2/base/ErrorHandler.php:269
Stack trace:
#0 [internal function]: yii\base\ErrorHandler->handleFatalError()
#1 {main}
  thrown in /Users/fawzibedidi/Documents/Work/NConcepts/Projects/Ikar/web/www2/vendor/yiisoft/yii2/base/ErrorHandler.php on line 269
